<?xml version="1.0" encoding="UTF-8"?>
<!-- Generated by org.testng.reporters.JUnitReportReporter -->
<testsuite skipped="0" hostname="LAPTOP-P53H2ULJ" name="tests.testrunner0" tests="1" failures="0" timestamp="2020-04-12T16:55:14 IST" time="0.335" errors="0">
  <testcase name="feature" time="0.335" classname="tests.testrunner0"/>
</testsuite> <!-- tests.testrunner0 -->
